2021-08-03 18:49:42.8519|0|DEBUG|Store.Web.Program|init main 
2021-08-03 18:49:50.0266|0|INFO|Microsoft.Hosting.Lifetime|Application started. Press Ctrl+C to shut down. 
2021-08-03 18:49:50.0266|0|INFO|Microsoft.Hosting.Lifetime|Hosting environment: Development 
2021-08-03 18:49:50.0705|0|INFO|Microsoft.Hosting.Lifetime|Content root path: C:\Users\User\Desktop\OnlineStore\Store.Web 
2021-08-03 18:50:14.0492|0|INFO|Store.Services.Implementation.ProductService|GetAllProducts was called! 
2021-08-03 18:50:22.1011|0|INFO|Store.Services.Implementation.ProductService|Product was successfully added into ShoppingCart 
2021-08-03 18:50:22.1011|0|INFO|Store.Services.Implementation.ProductService|GetAllProducts was called! 
2021-08-03 19:00:47.8170|0|DEBUG|Store.Web.Program|init main 
2021-08-03 19:00:50.8525|0|INFO|Microsoft.Hosting.Lifetime|Application started. Press Ctrl+C to shut down. 
2021-08-03 19:00:50.8525|0|INFO|Microsoft.Hosting.Lifetime|Hosting environment: Development 
2021-08-03 19:00:50.8675|0|INFO|Microsoft.Hosting.Lifetime|Content root path: C:\Users\User\Desktop\OnlineStore\Store.Web 
2021-08-03 19:00:54.9274|0|INFO|Store.Services.Implementation.ProductService|GetAllProducts was called! 
2021-08-03 19:01:05.4612|20004|ERROR|Microsoft.EntityFrameworkCore.Database.Connection|An error occurred using the connection to database 'KinoDB' on server '(localdb)\mssqllocaldb'. 
2021-08-03 19:01:05.5379|10100|ERROR|Microsoft.EntityFrameworkCore.Query|An exception occurred while iterating over the results of a query for context type 'Store.Repository.ApplicationDbContext'.
Microsoft.Data.SqlClient.SqlException (0x80131904): Cannot open database "KinoDB" requested by the login. The login failed.
Login failed for user 'NENA-PC\User'.
   at Microsoft.Data.SqlClient.SqlInternalConnection.OnError(SqlException exception, Boolean breakConnection, Action`1 wrapCloseInAction)
   at Microsoft.Data.SqlClient.TdsParser.ThrowExceptionAndWarning(TdsParserStateObject stateObj, Boolean callerHasConnectionLock, Boolean asyncClose)
   at Microsoft.Data.SqlClient.TdsParser.TryRun(RunBehavior runBehavior, SqlCommand cmdHandler, SqlDataReader dataStream, BulkCopySimpleResultSet bulkCopyHandler, TdsParserStateObject stateObj, Boolean& dataReady)
   at Microsoft.Data.SqlClient.TdsParser.Run(RunBehavior runBehavior, SqlCommand cmdHandler, SqlDataReader dataStream, BulkCopySimpleResultSet bulkCopyHandler, TdsParserStateObject stateObj)
   at Microsoft.Data.SqlClient.SqlInternalConnectionTds.CompleteLogin(Boolean enlistOK)
   at Microsoft.Data.SqlClient.SqlInternalConnectionTds.AttemptOneLogin(ServerInfo serverInfo, String newPassword, SecureString newSecurePassword, Boolean ignoreSniOpenTimeout, TimeoutTimer timeout, Boolean withFailover)
   at Microsoft.Data.SqlClient.SqlInternalConnectionTds.LoginNoFailover(ServerInfo serverInfo, String newPassword, SecureString newSecurePassword, Boolean redirectedUserInstance, SqlConnectionString connectionOptions, SqlCredential credential, TimeoutTimer timeout)
   at Microsoft.Data.SqlClient.SqlInternalConnectionTds.OpenLoginEnlist(TimeoutTimer timeout, SqlConnectionString connectionOptions, SqlCredential credential, String newPassword, SecureString newSecurePassword, Boolean redirectedUserInstance)
   at Microsoft.Data.SqlClient.SqlInternalConnectionTds..ctor(DbConnectionPoolIdentity identity, SqlConnectionString connectionOptions, SqlCredential credential, Object providerInfo, String newPassword, SecureString newSecurePassword, Boolean redirectedUserInstance, SqlConnectionString userConnectionOptions, SessionData reconnectSessionData, Boolean applyTransientFaultHandling, String accessToken, DbConnectionPool pool, SqlAuthenticationProviderManager sqlAuthProviderManager)
   at Microsoft.Data.SqlClient.SqlConnectionFactory.CreateConnection(DbConnectionOptions options, DbConnectionPoolKey poolKey, Object poolGroupProviderInfo, DbConnectionPool pool, DbConnection owningConnection, DbConnectionOptions userOptions)
   at Microsoft.Data.ProviderBase.DbConnectionFactory.CreatePooledConnection(DbConnectionPool pool, DbConnection owningObject, DbConnectionOptions options, DbConnectionPoolKey poolKey, DbConnectionOptions userOptions)
   at Microsoft.Data.ProviderBase.DbConnectionPool.CreateObject(DbConnection owningObject, DbConnectionOptions userOptions, DbConnectionInternal oldConnection)
   at Microsoft.Data.ProviderBase.DbConnectionPool.UserCreateRequest(DbConnection owningObject, DbConnectionOptions userOptions, DbConnectionInternal oldConnection)
   at Microsoft.Data.ProviderBase.DbConnectionPool.TryGetConnection(DbConnection owningObject, UInt32 waitForMultipleObjectsTimeout, Boolean allowCreate, Boolean onlyOneCheckConnection, DbConnectionOptions userOptions, DbConnectionInternal& connection)
   at Microsoft.Data.ProviderBase.DbConnectionPool.TryGetConnection(DbConnection owningObject, TaskCompletionSource`1 retry, DbConnectionOptions userOptions, DbConnectionInternal& connection)
   at Microsoft.Data.ProviderBase.DbConnectionFactory.TryGetConnection(DbConnection owningConnection, TaskCompletionSource`1 retry, DbConnectionOptions userOptions, DbConnectionInternal oldConnection, DbConnectionInternal& connection)
   at Microsoft.Data.ProviderBase.DbConnectionInternal.TryOpenConnectionInternal(DbConnection outerConnection, DbConnectionFactory connectionFactory, TaskCompletionSource`1 retry, DbConnectionOptions userOptions)
   at Microsoft.Data.ProviderBase.DbConnectionClosed.TryOpenConnection(DbConnection outerConnection, DbConnectionFactory connectionFactory, TaskCompletionSource`1 retry, DbConnectionOptions userOptions)
   at Microsoft.Data.SqlClient.SqlConnection.TryOpen(TaskCompletionSource`1 retry)
   at Microsoft.Data.SqlClient.SqlConnection.Open()
   at Microsoft.EntityFrameworkCore.Storage.RelationalConnection.OpenDbConnection(Boolean errorsExpected)
   at Microsoft.EntityFrameworkCore.Storage.RelationalConnection.Open(Boolean errorsExpected)
   at Microsoft.EntityFrameworkCore.Storage.RelationalCommand.ExecuteReader(RelationalCommandParameterObject parameterObject)
   at Microsoft.EntityFrameworkCore.Query.Internal.QueryingEnumerable`1.Enumerator.InitializeReader(DbContext _, Boolean result)
   at Microsoft.EntityFrameworkCore.SqlServer.Storage.Internal.SqlServerExecutionStrategy.Execute[TState,TResult](TState state, Func`3 operation, Func`3 verifySucceeded)
   at Microsoft.EntityFrameworkCore.Query.Internal.QueryingEnumerable`1.Enumerator.MoveNext()
ClientConnectionId:08aab902-689a-4835-a433-04c16f2f8a2c
Error Number:4060,State:1,Class:11 Microsoft.Data.SqlClient.SqlException (0x80131904): Cannot open database "KinoDB" requested by the login. The login failed.
Login failed for user 'NENA-PC\User'.
   at Microsoft.Data.SqlClient.SqlInternalConnection.OnError(SqlException exception, Boolean breakConnection, Action`1 wrapCloseInAction)
   at Microsoft.Data.SqlClient.TdsParser.ThrowExceptionAndWarning(TdsParserStateObject stateObj, Boolean callerHasConnectionLock, Boolean asyncClose)
   at Microsoft.Data.SqlClient.TdsParser.TryRun(RunBehavior runBehavior, SqlCommand cmdHandler, SqlDataReader dataStream, BulkCopySimpleResultSet bulkCopyHandler, TdsParserStateObject stateObj, Boolean& dataReady)
   at Microsoft.Data.SqlClient.TdsParser.Run(RunBehavior runBehavior, SqlCommand cmdHandler, SqlDataReader dataStream, BulkCopySimpleResultSet bulkCopyHandler, TdsParserStateObject stateObj)
   at Microsoft.Data.SqlClient.SqlInternalConnectionTds.CompleteLogin(Boolean enlistOK)
   at Microsoft.Data.SqlClient.SqlInternalConnectionTds.AttemptOneLogin(ServerInfo serverInfo, String newPassword, SecureString newSecurePassword, Boolean ignoreSniOpenTimeout, TimeoutTimer timeout, Boolean withFailover)
   at Microsoft.Data.SqlClient.SqlInternalConnectionTds.LoginNoFailover(ServerInfo serverInfo, String newPassword, SecureString newSecurePassword, Boolean redirectedUserInstance, SqlConnectionString connectionOptions, SqlCredential credential, TimeoutTimer timeout)
   at Microsoft.Data.SqlClient.SqlInternalConnectionTds.OpenLoginEnlist(TimeoutTimer timeout, SqlConnectionString connectionOptions, SqlCredential credential, String newPassword, SecureString newSecurePassword, Boolean redirectedUserInstance)
   at Microsoft.Data.SqlClient.SqlInternalConnectionTds..ctor(DbConnectionPoolIdentity identity, SqlConnectionString connectionOptions, SqlCredential credential, Object providerInfo, String newPassword, SecureString newSecurePassword, Boolean redirectedUserInstance, SqlConnectionString userConnectionOptions, SessionData reconnectSessionData, Boolean applyTransientFaultHandling, String accessToken, DbConnectionPool pool, SqlAuthenticationProviderManager sqlAuthProviderManager)
   at Microsoft.Data.SqlClient.SqlConnectionFactory.CreateConnection(DbConnectionOptions options, DbConnectionPoolKey poolKey, Object poolGroupProviderInfo, DbConnectionPool pool, DbConnection owningConnection, DbConnectionOptions userOptions)
   at Microsoft.Data.ProviderBase.DbConnectionFactory.CreatePooledConnection(DbConnectionPool pool, DbConnection owningObject, DbConnectionOptions options, DbConnectionPoolKey poolKey, DbConnectionOptions userOptions)
   at Microsoft.Data.ProviderBase.DbConnectionPool.CreateObject(DbConnection owningObject, DbConnectionOptions userOptions, DbConnectionInternal oldConnection)
   at Microsoft.Data.ProviderBase.DbConnectionPool.UserCreateRequest(DbConnection owningObject, DbConnectionOptions userOptions, DbConnectionInternal oldConnection)
   at Microsoft.Data.ProviderBase.DbConnectionPool.TryGetConnection(DbConnection owningObject, UInt32 waitForMultipleObjectsTimeout, Boolean allowCreate, Boolean onlyOneCheckConnection, DbConnectionOptions userOptions, DbConnectionInternal& connection)
   at Microsoft.Data.ProviderBase.DbConnectionPool.TryGetConnection(DbConnection owningObject, TaskCompletionSource`1 retry, DbConnectionOptions userOptions, DbConnectionInternal& connection)
   at Microsoft.Data.ProviderBase.DbConnectionFactory.TryGetConnection(DbConnection owningConnection, TaskCompletionSource`1 retry, DbConnectionOptions userOptions, DbConnectionInternal oldConnection, DbConnectionInternal& connection)
   at Microsoft.Data.ProviderBase.DbConnectionInternal.TryOpenConnectionInternal(DbConnection outerConnection, DbConnectionFactory connectionFactory, TaskCompletionSource`1 retry, DbConnectionOptions userOptions)
   at Microsoft.Data.ProviderBase.DbConnectionClosed.TryOpenConnection(DbConnection outerConnection, DbConnectionFactory connectionFactory, TaskCompletionSource`1 retry, DbConnectionOptions userOptions)
   at Microsoft.Data.SqlClient.SqlConnection.TryOpen(TaskCompletionSource`1 retry)
   at Microsoft.Data.SqlClient.SqlConnection.Open()
   at Microsoft.EntityFrameworkCore.Storage.RelationalConnection.OpenDbConnection(Boolean errorsExpected)
   at Microsoft.EntityFrameworkCore.Storage.RelationalConnection.Open(Boolean errorsExpected)
   at Microsoft.EntityFrameworkCore.Storage.RelationalCommand.ExecuteReader(RelationalCommandParameterObject parameterObject)
   at Microsoft.EntityFrameworkCore.Query.Internal.QueryingEnumerable`1.Enumerator.InitializeReader(DbContext _, Boolean result)
   at Microsoft.EntityFrameworkCore.SqlServer.Storage.Internal.SqlServerExecutionStrategy.Execute[TState,TResult](TState state, Func`3 operation, Func`3 verifySucceeded)
   at Microsoft.EntityFrameworkCore.Query.Internal.QueryingEnumerable`1.Enumerator.MoveNext()
ClientConnectionId:08aab902-689a-4835-a433-04c16f2f8a2c
Error Number:4060,State:1,Class:11
2021-08-03 19:05:58.5917|0|DEBUG|Store.Web.Program|init main 
2021-08-03 19:06:01.7398|0|INFO|Microsoft.Hosting.Lifetime|Application started. Press Ctrl+C to shut down. 
2021-08-03 19:06:01.7398|0|INFO|Microsoft.Hosting.Lifetime|Hosting environment: Development 
2021-08-03 19:06:01.7398|0|INFO|Microsoft.Hosting.Lifetime|Content root path: C:\Users\User\Desktop\OnlineStore\Store.Web 
2021-08-03 19:06:11.4587|0|INFO|Store.Services.Implementation.ProductService|GetAllProducts was called! 
2021-08-03 19:06:42.3450|0|INFO|Store.Services.Implementation.ProductService|GetAllProducts was called! 
2021-08-03 19:06:53.3493|0|INFO|Store.Services.Implementation.ProductService|GetAllProducts was called! 
2021-08-03 19:07:29.5954|0|INFO|Store.Services.Implementation.ProductService|GetAllProducts was called! 
2021-08-03 19:08:17.0797|0|INFO|Store.Services.Implementation.ProductService|GetAllProducts was called! 
2021-08-03 19:08:53.4545|0|INFO|Store.Services.Implementation.ProductService|GetAllProducts was called! 
2021-08-03 19:09:36.8266|0|INFO|Store.Services.Implementation.ProductService|GetAllProducts was called! 
2021-08-03 19:10:33.2791|0|INFO|Store.Services.Implementation.ProductService|GetAllProducts was called! 
2021-08-03 19:11:12.5258|0|INFO|Store.Services.Implementation.ProductService|GetAllProducts was called! 
2021-08-03 19:28:28.2332|0|DEBUG|Store.Web.Program|init main 
2021-08-03 19:28:33.1693|0|INFO|Microsoft.Hosting.Lifetime|Application started. Press Ctrl+C to shut down. 
2021-08-03 19:28:33.2162|0|INFO|Microsoft.Hosting.Lifetime|Hosting environment: Development 
2021-08-03 19:28:33.2312|0|INFO|Microsoft.Hosting.Lifetime|Content root path: C:\Users\User\Desktop\OnlineStore\Store.Web 
2021-08-03 19:28:42.1062|0|INFO|Store.Services.Implementation.ProductService|GetAllProducts was called! 
2021-08-03 19:29:18.3413|0|INFO|Store.Services.Implementation.ProductService|GetAllProducts was called! 
2021-08-03 19:29:25.0826|0|INFO|Store.Services.Implementation.ProductService|Product was successfully added into ShoppingCart 
2021-08-03 19:29:25.0920|0|INFO|Store.Services.Implementation.ProductService|GetAllProducts was called! 
2021-08-03 19:36:33.5751|0|INFO|Store.Services.Implementation.ProductService|GetAllProducts was called! 
2021-08-03 19:36:38.3460|0|INFO|Store.Services.Implementation.ProductService|Product was successfully added into ShoppingCart 
2021-08-03 19:36:38.3537|0|INFO|Store.Services.Implementation.ProductService|GetAllProducts was called! 
2021-08-03 19:36:43.9765|0|INFO|Store.Services.Implementation.ProductService|Product was successfully added into ShoppingCart 
2021-08-03 19:36:43.9765|0|INFO|Store.Services.Implementation.ProductService|GetAllProducts was called! 
