2021-09-30 14:13:16.5787|0|DEBUG|Store.Web.Program|init main 
2021-09-30 14:13:24.4922|0|INFO|Microsoft.Hosting.Lifetime|Application started. Press Ctrl+C to shut down. 
2021-09-30 14:13:24.5343|0|INFO|Microsoft.Hosting.Lifetime|Hosting environment: Development 
2021-09-30 14:13:24.5422|0|INFO|Microsoft.Hosting.Lifetime|Content root path: C:\Users\User\Desktop\OnlineStore\Store.Web 
2021-09-30 14:14:06.3455|0|INFO|Store.Services.Implementation.ProductService|GetAllProducts was called! 
2021-09-30 14:17:33.6278|0|INFO|Store.Services.Implementation.ProductService|GetAllProducts was called! 
2021-09-30 14:18:21.7533|0|INFO|Store.Services.Implementation.ProductService|GetAllProducts was called! 
2021-09-30 14:20:24.8008|0|INFO|Store.Services.Implementation.ProductService|GetAllProducts was called! 
2021-09-30 14:20:50.6291|0|INFO|Store.Services.Implementation.ProductService|GetAllProducts was called! 
2021-09-30 14:21:36.6931|0|INFO|Store.Services.Implementation.ProductService|GetAllProducts was called! 
2021-09-30 14:22:16.5579|0|INFO|Store.Services.Implementation.ProductService|GetAllProducts was called! 
2021-09-30 14:23:17.4615|0|INFO|Store.Services.Implementation.ProductService|GetAllProducts was called! 
2021-09-30 14:25:35.9048|0|DEBUG|Store.Web.Program|init main 
2021-09-30 14:25:39.7070|0|INFO|Microsoft.Hosting.Lifetime|Application started. Press Ctrl+C to shut down. 
2021-09-30 14:25:39.7117|0|INFO|Microsoft.Hosting.Lifetime|Hosting environment: Development 
2021-09-30 14:25:39.7117|0|INFO|Microsoft.Hosting.Lifetime|Content root path: C:\Users\User\Desktop\OnlineStore\Store.Web 
2021-09-30 14:25:53.8938|0|INFO|Store.Services.Implementation.ProductService|GetAllProducts was called! 
2021-09-30 14:26:06.7040|0|INFO|Store.Services.Implementation.ProductService|Product was successfully added into ShoppingCart 
2021-09-30 14:26:06.7145|0|INFO|Store.Services.Implementation.ProductService|GetAllProducts was called! 
2021-09-30 14:26:15.7560|0|INFO|Store.Services.Implementation.ProductService|Product was successfully added into ShoppingCart 
2021-09-30 14:26:15.7866|0|INFO|Store.Services.Implementation.ProductService|GetAllProducts was called! 
2021-09-30 14:27:56.1722|0|INFO|Store.Services.Implementation.ProductService|GetAllProducts was called! 
2021-09-30 14:28:07.9705|0|INFO|Store.Services.Implementation.ProductService|GetAllProducts was called! 
2021-09-30 14:32:09.6519|0|INFO|Store.Services.Implementation.ProductService|GetAllProducts was called! 
